<?xml version="1.0" encoding="UTF-8"?>
<testsuite name="com.jaewoo.queueserver.service.UserQueueServiceTest" tests="7" skipped="0" failures="0" errors="0" timestamp="2024-01-09T08:22:50" hostname="yangjaeuui-MacBook-Pro-16.local" time="0.596">
  <properties/>
  <testcase name="대기열에 3명의 유저가 있을 경우 2명의 유저를 승인한다." classname="com.jaewoo.queueserver.service.UserQueueServiceTest" time="0.575"/>
  <testcase name="isNotApprovalUserId()" classname="com.jaewoo.queueserver.service.UserQueueServiceTest" time="0.005"/>
  <testcase name="이미 대기열에 있는 유저가 대기열에 들어올 경우 에러를 발생시킨다." classname="com.jaewoo.queueserver.service.UserQueueServiceTest" time="0.002"/>
  <testcase name="isNotApproval()" classname="com.jaewoo.queueserver.service.UserQueueServiceTest" time="0.002"/>
  <testcase name="isApproval()" classname="com.jaewoo.queueserver.service.UserQueueServiceTest" time="0.003"/>
  <testcase name="대기열에 2명의 유저를 등록한다." classname="com.jaewoo.queueserver.service.UserQueueServiceTest" time="0.003"/>
  <testcase name="대기열이 비어있을때 3명의 유저를 승인한다." classname="com.jaewoo.queueserver.service.UserQueueServiceTest" time="0.002"/>
  <system-out><![CDATA[17:22:49.370 [Test worker] INFO org.springframework.test.context.support.AnnotationConfigContextLoaderUtils -- Could not detect default configuration classes for test class [com.jaewoo.queueserver.service.UserQueueServiceTest]: UserQueueServiceTest does not declare any static, non-private, non-final, nested classes annotated with @Configuration.
17:22:49.427 [Test worker] INFO org.springframework.boot.test.context.SpringBootTestContextBootstrapper -- Found @SpringBootConfiguration com.jaewoo.queueserver.QueueServerApplication for test class com.jaewoo.queueserver.service.UserQueueServiceTest

  .   ____          _            __ _ _
 /\\ / ___'_ __ _ _(_)_ __  __ _ \ \ \ \
( ( )\___ | '_ | '_| | '_ \/ _` | \ \ \ \
 \\/  ___)| |_)| | | | | || (_| |  ) ) ) )
  '  |____| .__|_| |_|_| |_\__, | / / / /
 =========|_|==============|___/=/_/_/_/
 :: Spring Boot ::                (v3.2.1)

2024-01-09T17:22:49.633+09:00  INFO 94543 --- [    Test worker] c.j.q.service.UserQueueServiceTest       : Starting UserQueueServiceTest using Java 17.0.8.1 with PID 94543 (started by ogq in /Users/ogq/Documents/양재우/github-toy-repo/fastcampus/user-reactive-redis-queue)
2024-01-09T17:22:49.633+09:00  INFO 94543 --- [    Test worker] c.j.q.service.UserQueueServiceTest       : The following 1 profile is active: "test"
2024-01-09T17:22:49.891+09:00  INFO 94543 --- [    Test worker] .s.d.r.c.RepositoryConfigurationDelegate : Multiple Spring Data modules found, entering strict repository configuration mode
2024-01-09T17:22:49.892+09:00  INFO 94543 --- [    Test worker] .s.d.r.c.RepositoryConfigurationDelegate : Bootstrapping Spring Data Redis repositories in DEFAULT mode.
2024-01-09T17:22:49.907+09:00  INFO 94543 --- [    Test worker] .s.d.r.c.RepositoryConfigurationDelegate : Finished Spring Data repository scanning in 8 ms. Found 0 Redis repository interfaces.
2024-01-09T17:22:50.744+09:00  INFO 94543 --- [    Test worker] o.s.b.web.embedded.netty.NettyWebServer  : Netty started on port 61574
2024-01-09T17:22:50.756+09:00  INFO 94543 --- [    Test worker] c.j.q.service.UserQueueServiceTest       : Started UserQueueServiceTest in 1.256 seconds (process running for 1.785)
]]></system-out>
  <system-err><![CDATA[]]></system-err>
</testsuite>
